<?xml version="1.0" encoding="utf-8" standalone="no"?>
<!--This file represents the results of running a test suite-->
<test-results name="C:\Users\MBA MORGAN\Trinity\Trinity.UnitTests\bin\Debug\net461\Trinity.UnitTests.dll" total="1" errors="0" failures="0" not-run="0" inconclusive="0" ignored="0" skipped="0" invalid="0" date="2019-04-16" time="10:05:02">
  <environment nunit-version="2.6.4.14350" clr-version="4.0.30319.42000" os-version="Microsoft Windows NT 6.2.9200.0" platform="Win32NT" cwd="C:\Users\MBA MORGAN\.nuget\packages\nunit.runners.net4\2.6.4\tools" machine-name="DESKTOP-O303NP6" user="MBA MORGAN" user-domain="DESKTOP-O303NP6" />
  <culture-info current-culture="fr-FR" current-uiculture="fr-FR" />
  <test-suite type="Assembly" name="C:\Users\MBA MORGAN\Trinity\Trinity.UnitTests\bin\Debug\net461\Trinity.UnitTests.dll" executed="True" result="Success" success="True" time="0.005" asserts="0">
    <results>
      <test-suite type="Namespace" name="Trinity" executed="True" result="Success" success="True" time="0.005" asserts="0">
        <results>
          <test-suite type="Namespace" name="UnitTests" executed="True" result="Success" success="True" time="0.005" asserts="0">
            <results>
              <test-suite type="TestFixture" name="UnitTests_Summoner" executed="True" result="Success" success="True" time="0.004" asserts="0">
                <results>
                  <test-case name="Trinity.UnitTests.UnitTests_Summoner.Create_Summoner" executed="True" result="Success" success="True" time="0.001" asserts="1" />
                </results>
              </test-suite>
            </results>
          </test-suite>
        </results>
      </test-suite>
    </results>
  </test-suite>
</test-results>